![INFO]	[2022-11-18 15:41:25.148]	ECU		SD			SD_MOUNTED
![INFO]	[2022-11-18 15:41:25.000]	ECU		STARTUP			STARTUP
![INFO]	[2022-11-18 15:41:25.462]	ECU		GPIO			HV 0
![INFO]	[2022-11-18 15:41:25.493]	ECU		GPIO			RTD 0
![INFO]	[2022-11-18 15:41:25.524]	ECU		GPIO			BRAKE 0
![INFO]	[2022-11-18 15:41:25.552]	ECU		GPIO			IMD 1
![INFO]	[2022-11-18 15:41:25.583]	ECU		GPIO			BMS 1
![INFO]	[2022-11-18 15:41:25.615]	ECU		GPIO			BSPD 1
![INFO]	[2022-11-18 15:41:25.642]	ECU		GPIO			HVD 0
![INFO]	[2022-11-18 15:41:25.713]	ECU		TEMPERATURE			-1
![INFO]	[2022-11-18 15:41:26.113]	ECU		GPIO			BMS 0
![INFO]	[2022-11-18 15:41:26.144]	ECU		GPIO			HV 0
![INFO]	[2022-11-18 15:41:26.188]	ECU		WIFI			$ESP SOCKET_CONNECTED
![INFO]	[2022-11-18 15:41:26.293]	ECU		GPIO			RTD 0
![INFO]	[2022-11-18 15:41:26.344]	ECU		GPIO			BRAKE 0
![INFO]	[2022-11-18 15:41:26.485]	ECU		GPIO			IMD 1
![INFO]	[2022-11-18 15:41:26.524]	ECU		GPIO			BMS 0
![INFO]	[2022-11-18 15:41:26.564]	ECU		GPIO			BSPD 1
![INFO]	[2022-11-18 15:41:26.677]	ECU		GPIO			HVD 0
![INFO]	[2022-11-18 15:41:26.763]	BMS		CAN_BMS_CORE			0xB2 0x0A 0xE0 0x00 0x00 0x00 0x00 0x54
![INFO]	[2022-11-18 15:41:26.885]	BMS		CAN_BMS_TEMP			0x10 0x6F 0x0F 0x68 0xB3 0x01 0x18 0x11
![INFO]	[2022-11-18 15:41:26.932]	ECU		GPIO			IMD 0
![INFO]	[2022-11-18 15:41:27.058]	ECU		WIFI			$ESP RTC_FIX 2022-11-18-15-41-30
![INFO]	[2022-11-18 15:41:30.000]	ECU		RTC			RTC_DATETIME_FIX_WIFI
![INFO]	[2022-11-18 15:41:30.164]	ECU		GPIO			HV 1
![INFO]	[2022-11-18 15:41:30.207]	BMS		CAN_BMS_CORE			0xB2 0x0A 0xE0 0x00 0x00 0x00 0x00 0x54
![INFO]	[2022-11-18 15:41:30.242]	BMS		CAN_BMS_TEMP			0x10 0x6F 0x0F 0x68 0xB3 0x01 0x18 0x11
![INFO]	[2022-11-18 15:41:30.564]	INV		CAN_INV_STATE			0x00 0x00 0x09 0x20 0x00 0x01 0xC0 0x26
![INFO]	[2022-11-18 15:41:30.748]	INV		CAN_INV_VOLTAGE			0xFD 0x03 0x00 0x00 0xF8 0xFF 0xF4 0xFF
![INFO]	[2022-11-18 15:41:30.955]	INV		CAN_INV_ANALOG_IN			0x34 0x28 0x33 0x03 0xE9 0xA5 0x97 0x1E
![INFO]	[2022-11-18 15:41:31.097]	INV		CAN_INV_VOLTAGE			0xCD 0x07 0x00 0x00 0xFF 0xFF 0x00 0x00
![INFO]	[2022-11-18 15:41:31.148]	INV		CAN_INV_VOLTAGE			0x22 0x08 0x00 0x00 0xFD 0xFF 0xFD 0xFF
![INFO]	[2022-11-18 15:41:31.285]	INV		CAN_INV_ANALOG_IN			0x34 0x28 0x33 0x03 0xE9 0xA5 0x97 0x1E
![INFO]	[2022-11-18 15:41:31.344]	INV		CAN_INV_REF			0x97 0x00 0xFB 0x00 0xFB 0x01 0x41 0x04
![INFO]	[2022-11-18 15:41:31.466]	INV		CAN_INV_FLUX			0x1A 0x00 0x5C 0x7C 0xFD 0xFF 0x06 0x00
![INFO]	[2022-11-18 15:41:31.607]	INV		CAN_INV_MOTOR_POS			0xC1 0x00 0x00 0x00 0x00 0x00 0x62 0xFE
![INFO]	[2022-11-18 15:41:31.642]	INV		CAN_INV_FLUX_WEAKING			0xFF 0xFF 0x00 0x00 0x00 0x00 0x00 0x00
![INFO]	[2022-11-18 15:41:31.865]	INV		CAN_INV_ANALOG_IN			0x34 0x28 0x33 0x03 0xE9 0xA5 0x97 0x1E
![INFO]	[2022-11-18 15:41:31.999]	INV		CAN_INV_MOTOR_POS			0xC1 0x00 0x00 0x00 0x00 0x00 0x1F 0xFF
![INFO]	[2022-11-18 15:41:32.238]	BMS		CAN_BMS_TEMP			0x10 0x6F 0x0F 0x68 0xB3 0x01 0x18 0x11
![INFO]	[2022-11-18 15:41:32.556]	INV		CAN_INV_CURRENT			0xFE 0xFF 0xFD 0xFF 0xFB 0xFF 0x00 0x00
![INFO]	[2022-11-18 15:41:32.732]	INV		CAN_INV_VOLTAGE			0xE8 0x0A 0x00 0x00 0xFA 0xFF 0xFD 0xFF
![INFO]	[2022-11-18 15:41:32.861]	INV		CAN_INV_ANALOG_IN			0x34 0x28 0x33 0x03 0xE9 0xA5 0xA7 0x1E
![INFO]	[2022-11-18 15:41:33.043]	INV		CAN_INV_MOTOR_POS			0xC1 0x00 0x00 0x00 0x00 0x00 0x3F 0xFF
![INFO]	[2022-11-18 15:41:33.246]	INV		CAN_INV_ANALOG_IN			0x34 0x28 0x23 0x03 0xE9 0xA5 0xA7 0x1E
![INFO]	[2022-11-18 15:41:33.454]	ECU		TEMPERATURE			-1
![INFO]	[2022-11-18 15:41:33.571]	ECU		GPIO			HV 1
![INFO]	[2022-11-18 15:41:33.599]	INV		CAN_INV_REF			0x97 0x00 0xFB 0x00 0xFB 0x01 0x2D 0x04
![INFO]	[2022-11-18 15:41:33.646]	ECU		GPIO			RTD 0
![INFO]	[2022-11-18 15:41:33.673]	INV		CAN_INV_ANALOG_IN			0x34 0x28 0x33 0x03 0xE9 0xA5 0xA7 0x1E
![INFO]	[2022-11-18 15:41:33.795]	ECU		GPIO			BRAKE 0
![INFO]	[2022-11-18 15:41:33.834]	ECU		GPIO			IMD 0
![INFO]	[2022-11-18 15:41:33.951]	ECU		GPIO			BMS 0
![INFO]	[2022-11-18 15:41:34.062]	ECU		GPIO			BSPD 1
![INFO]	[2022-11-18 15:41:34.188]	ECU		GPIO			HVD 0
![INFO]	[2022-11-18 15:41:34.266]	INV		CAN_INV_MOTOR_POS			0xC1 0x00 0x00 0x00 0x00 0x00 0x3F 0xFF
![INFO]	[2022-11-18 15:41:34.407]	INV		CAN_INV_REF			0x97 0x00 0xFB 0x00 0xFA 0x01 0x29 0x04
![INFO]	[2022-11-18 15:41:34.446]	INV		CAN_INV_VOLTAGE			0xE9 0x0A 0x00 0x00 0xFD 0xFF 0x03 0x00
![INFO]	[2022-11-18 15:41:34.618]	INV		CAN_INV_MOTOR_POS			0xBF 0x00 0x00 0x00 0x00 0x00 0x3F 0xFF
![INFO]	[2022-11-18 15:41:34.771]	INV		CAN_INV_ANALOG_IN			0x34 0x28 0x33 0x03 0xE9 0xA5 0xA7 0x1E
![INFO]	[2022-11-18 15:41:34.807]	INV		CAN_INV_FLUX_WEAKING			0xFF 0xFF 0x00 0x00 0x00 0x00 0x00 0x00
![INFO]	[2022-11-18 15:41:35.058]	INV		CAN_INV_VOLTAGE			0xE6 0x0A 0x00 0x00 0xFA 0xFF 0x03 0x00
![INFO]	[2022-11-18 15:41:35.231]	INV		CAN_INV_FAULT			0x00 0x00 0x00 0x00 0x00 0x00 0x00 0x00
![INFO]	[2022-11-18 15:41:35.364]	INV		CAN_INV_STATE			0x04 0x00 0x09 0x02 0x00 0x01 0xC0 0x06
![INFO]	[2022-11-18 15:41:35.536]	INV		CAN_INV_MOTOR_POS			0xC1 0x00 0x00 0x00 0x00 0x00 0x3F 0xFF
![INFO]	[2022-11-18 15:41:35.568]	INV		CAN_INV_TORQUE			0x00 0x00 0x00 0x00 0xA4 0x06 0x00 0x00
![INFO]	[2022-11-18 15:41:35.736]	INV		CAN_INV_FLUX_WEAKING			0xFF 0xFF 0x00 0x00 0x00 0x00 0x00 0x00
![INFO]	[2022-11-18 15:41:35.951]	INV		CAN_INV_STATE			0x04 0x00 0x09 0x02 0x00 0x01 0xC0 0x06
![INFO]	[2022-11-18 15:41:36.090]	INV		CAN_INV_ANALOG_IN			0x34 0x28 0x33 0x03 0xE9 0xA5 0xA7 0x1E
![INFO]	[2022-11-18 15:41:36.133]	INV		CAN_INV_FLUX			0x1A 0x00 0x5C 0x7C 0x00 0x00 0x00 0x00
![INFO]	[2022-11-18 15:41:36.262]	INV		CAN_INV_TORQUE			0x00 0x00 0x00 0x00 0x70 0x07 0x00 0x00
![INFO]	[2022-11-18 15:41:36.446]	INV		CAN_INV_TEMP_1			0xB9 0x00 0xB7 0x00 0xB7 0x00 0xBD 0x00
![INFO]	[2022-11-18 15:41:36.568]	INV		CAN_INV_MOTOR_POS			0xC1 0x00 0x00 0x00 0x00 0x00 0x3F 0xFF
![INFO]	[2022-11-18 15:41:36.697]	INV		CAN_INV_TORQUE			0x00 0x00 0xFF 0xFF 0xE7 0x07 0x00 0x00
![INFO]	[2022-11-18 15:41:36.763]	INV		CAN_INV_ANALOG_IN			0x34 0x28 0x33 0x03 0xE9 0xA5 0xA7 0x1E
![INFO]	[2022-11-18 15:41:36.920]	INV		CAN_INV_CURRENT			0x00 0x00 0x00 0x00 0x06 0x00 0x00 0x00
![INFO]	[2022-11-18 15:41:36.951]	INV		CAN_INV_FLUX_WEAKING			0xFF 0xFF 0x00 0x00 0x00 0x00 0x00 0x00
![INFO]	[2022-11-18 15:41:37.078]	INV		CAN_INV_CURRENT			0x00 0x11 0x0F 0x11 0x0F 0x10 0x0A 0x03
![INFO]	[2022-11-18 15:41:37.164]	INV		CAN_INV_VOLTAGE			0xE4 0x0A 0x00 0x00 0xFA 0xFF 0x00 0x00
![INFO]	[2022-11-18 15:41:37.285]	INV		CAN_INV_ANALOG_IN			0x34 0x28 0x33 0x03 0xE9 0xA5 0xA7 0x1E
![INFO]	[2022-11-18 15:41:37.333]	INV		CAN_INV_VOLTAGE			0xE7 0x0A 0x00 0x00 0xFA 0xFF 0xFF 0xFF
![INFO]	[2022-11-18 15:41:37.752]	INV		CAN_INV_REF			0x97 0x00 0xFB 0x00 0xFA 0x01 0x27 0x04
![INFO]	[2022-11-18 15:41:37.881]	INV		CAN_INV_TEMP_1			0xB9 0x00 0xB7 0x00 0xB8 0x00 0xBD 0x00
![INFO]	[2022-11-18 15:41:37.944]	INV		CAN_INV_FAULT			0x00 0x00 0x00 0x00 0x00 0x00 0x00 0x00
![INFO]	[2022-11-18 15:41:38.254]	INV		CAN_INV_ANALOG_IN			0x34 0x2C 0x33 0x03 0xEA 0xA5 0xA7 0x1E
![INFO]	[2022-11-18 15:41:38.289]	INV		CAN_INV_TORQUE			0x00 0x00 0x00 0x00 0xF6 0x09 0x00 0x00
![INFO]	[2022-11-18 15:41:38.423]	ECU		TEMPERATURE			-1
![INFO]	[2022-11-18 15:41:38.552]	ECU		GPIO			HV 1
![INFO]	[2022-11-18 15:41:38.583]	INV		CAN_INV_TORQUE			0x00 0x00 0x01 0x00 0x4B 0x0A 0x00 0x00
![INFO]	[2022-11-18 15:41:38.720]	ECU		GPIO			RTD 0
![INFO]	[2022-11-18 15:41:38.850]	ECU		GPIO			BRAKE 0
![INFO]	[2022-11-18 15:41:38.979]	ECU		GPIO			IMD 0
![INFO]	[2022-11-18 15:41:39.027]	ECU		GPIO			BMS 0
![INFO]	[2022-11-18 15:41:39.066]	ECU		GPIO			BSPD 1
![INFO]	[2022-11-18 15:41:39.195]	ECU		GPIO			HVD 0
![INFO]	[2022-11-18 15:41:39.854]	INV		CAN_INV_VOLTAGE			0xE6 0x0A 0x00 0x00 0xFD 0xFF 0xFB 0xFF
![INFO]	[2022-11-18 15:41:39.987]	INV		CAN_INV_FLUX_WEAKING			0xFF 0xFF 0x00 0x00 0x00 0x00 0x00 0x00
![INFO]	[2022-11-18 15:41:40.148]	INV		CAN_INV_FLUX			0x1A 0x00 0x5C 0x7C 0x03 0x00 0xF8 0xFF
![INFO]	[2022-11-18 15:41:40.325]	INV		CAN_INV_TORQUE			0x00 0x00 0xFE 0xFF 0xE2 0x0C 0x00 0x00
![INFO]	[2022-11-18 15:41:40.368]	INV		CAN_INV_ANALOG_IN			0x34 0x28 0x33 0x03 0xE9 0xA5 0xA7 0x1E
![INFO]	[2022-11-18 15:41:40.505]	INV		CAN_INV_FLUX_WEAKING			0xFF 0xFF 0x00 0x00 0x00 0x00 0x00 0x00
![INFO]	[2022-11-18 15:41:40.752]	INV		CAN_INV_CURRENT			0x00 0x00 0x00 0x00 0xFF 0xFF 0x00 0x00
![INFO]	[2022-11-18 15:41:40.936]	INV		CAN_INV_REF			0x97 0x00 0xFB 0x00 0xFB 0x01 0x2A 0x04
![INFO]	[2022-11-18 15:41:41.058]	BMS		CAN_BMS_CORE			0xB2 0x0A 0xE0 0x00 0x00 0x00 0x00 0x54
![INFO]	[2022-11-18 15:41:41.191]	INV		CAN_INV_VOLTAGE			0xE6 0x0A 0x00 0x00 0xFF 0xFF 0xFD 0xFF
![INFO]	[2022-11-18 15:41:41.254]	INV		CAN_INV_REF			0x97 0x00 0xFB 0x00 0xFB 0x01 0x1E 0x04
![INFO]	[2022-11-18 15:41:41.446]	INV		CAN_INV_TEMP_1			0xB8 0x00 0xB7 0x00 0xB7 0x00 0xBF 0x00
![INFO]	[2022-11-18 15:41:41.481]	INV		CAN_INV_FLUX_WEAKING			0xFF 0xFF 0x00 0x00 0x00 0x00 0x00 0x00
![INFO]	[2022-11-18 15:41:41.611]	INV		CAN_INV_ANALOG_IN			0x34 0x28 0x33 0x03 0xE9 0xA5 0xA7 0x1E
![INFO]	[2022-11-18 15:41:42.368]	INV		CAN_INV_TEMP_1			0xB9 0x00 0xB7 0x00 0xB7 0x00 0xBF 0x00
![INFO]	[2022-11-18 15:41:42.399]	INV		CAN_INV_FLUX			0x1A 0x00 0x5C 0x7C 0x00 0x00 0xFE 0xFF
![INFO]	[2022-11-18 15:41:42.532]	INV		CAN_INV_ANALOG_IN			0x34 0x28 0x33 0x03 0xE9 0xA5 0xA7 0x1E
![INFO]	[2022-11-18 15:41:42.944]	INV		CAN_INV_VOLTAGE			0xE6 0x0A 0x00 0x00 0xFA 0xFF 0xFF 0xFF
![INFO]	[2022-11-18 15:41:43.262]	INV		CAN_INV_STATE			0x04 0x00 0x09 0x02 0x00 0x01 0xC0 0x06
![INFO]	[2022-11-18 15:41:43.399]	ECU		TEMPERATURE			-1
![INFO]	[2022-11-18 15:41:43.430]	INV		CAN_INV_TEMP_1			0xB9 0x00 0xB7 0x00 0xB7 0x00 0xC0 0x00
![INFO]	[2022-11-18 15:41:43.564]	ECU		GPIO			HV 1
![INFO]	[2022-11-18 15:41:43.693]	ECU		GPIO			RTD 0
![INFO]	[2022-11-18 15:41:43.748]	ECU		GPIO			BRAKE 0
![INFO]	[2022-11-18 15:41:43.893]	ECU		GPIO			HV 0
![INFO]	[2022-11-18 15:41:43.924]	ECU		GPIO			IMD 0
![INFO]	[2022-11-18 15:41:43.951]	INV		CAN_INV_FAULT			0x00 0x00 0x00 0x00 0x00 0x00 0x00 0x00
![INFO]	[2022-11-18 15:41:44.086]	ECU		GPIO			BMS 0
![INFO]	[2022-11-18 15:41:44.137]	ECU		GPIO			BSPD 1
![INFO]	[2022-11-18 15:41:44.258]	ECU		GPIO			HVD 0
